[2018-07-31 01:00:07] local.ERROR: There are no commands defined in the "list" namespace. {"exception":"[object] (Symfony\\Component\\Console\\Exception\\CommandNotFoundException(code: 0): There are no commands defined in the \"list\" namespace. at C:\\xampp\\htdocs\\xportGold\\xportGoldGitHub3\\PruebaUniversidadLaboratorio1\\vendor\\symfony\\console\\Application.php:557)
[stacktrace]
#0 C:\\xampp\\htdocs\\xportGold\\xportGoldGitHub3\\PruebaUniversidadLaboratorio1\\vendor\\symfony\\console\\Application.php(597): Symfony\\Component\\Console\\Application->findNamespace('list')
#1 C:\\xampp\\htdocs\\xportGold\\xportGoldGitHub3\\PruebaUniversidadLaboratorio1\\vendor\\symfony\\console\\Application.php(224): Symfony\\Component\\Console\\Application->find('list:route')
#2 C:\\xampp\\htdocs\\xportGold\\xportGoldGitHub3\\PruebaUniversidadLaboratorio1\\vendor\\symfony\\console\\Application.php(143): Symfony\\Component\\Console\\Application->doRun(Object(Symfony\\Component\\Console\\Input\\ArgvInput), Object(Symfony\\Component\\Console\\Output\\ConsoleOutput))
#3 C:\\xampp\\htdocs\\xportGold\\xportGoldGitHub3\\PruebaUniversidadLaboratorio1\\vendor\\laravel\\framework\\src\\Illuminate\\Console\\Application.php(88): Symfony\\Component\\Console\\Application->run(Object(Symfony\\Component\\Console\\Input\\ArgvInput), Object(Symfony\\Component\\Console\\Output\\ConsoleOutput))
#4 C:\\xampp\\htdocs\\xportGold\\xportGoldGitHub3\\PruebaUniversidadLaboratorio1\\vendor\\laravel\\framework\\src\\Illuminate\\Foundation\\Console\\Kernel.php(121): Illuminate\\Console\\Application->run(Object(Symfony\\Component\\Console\\Input\\ArgvInput), Object(Symfony\\Component\\Console\\Output\\ConsoleOutput))
#5 C:\\xampp\\htdocs\\xportGold\\xportGoldGitHub3\\PruebaUniversidadLaboratorio1\\artisan(37): Illuminate\\Foundation\\Console\\Kernel->handle(Object(Symfony\\Component\\Console\\Input\\ArgvInput), Object(Symfony\\Component\\Console\\Output\\ConsoleOutput))
#6 {main}
"} 
[2018-07-31 01:00:23] local.ERROR: Class App\Http\Controllers\News\NewsController does not exist {"exception":"[object] (ReflectionException(code: -1): Class App\\Http\\Controllers\\News\\NewsController does not exist at C:\\xampp\\htdocs\\xportGold\\xportGoldGitHub3\\PruebaUniversidadLaboratorio1\\vendor\\laravel\\framework\\src\\Illuminate\\Container\\Container.php:767)
[stacktrace]
#0 C:\\xampp\\htdocs\\xportGold\\xportGoldGitHub3\\PruebaUniversidadLaboratorio1\\vendor\\laravel\\framework\\src\\Illuminate\\Container\\Container.php(767): ReflectionClass->__construct('App\\\\Http\\\\Contro...')
#1 C:\\xampp\\htdocs\\xportGold\\xportGoldGitHub3\\PruebaUniversidadLaboratorio1\\vendor\\laravel\\framework\\src\\Illuminate\\Container\\Container.php(646): Illuminate\\Container\\Container->build('App\\\\Http\\\\Contro...')
#2 C:\\xampp\\htdocs\\xportGold\\xportGoldGitHub3\\PruebaUniversidadLaboratorio1\\vendor\\laravel\\framework\\src\\Illuminate\\Container\\Container.php(601): Illuminate\\Container\\Container->resolve('App\\\\Http\\\\Contro...', Array)
#3 C:\\xampp\\htdocs\\xportGold\\xportGoldGitHub3\\PruebaUniversidadLaboratorio1\\vendor\\laravel\\framework\\src\\Illuminate\\Foundation\\Application.php(740): Illuminate\\Container\\Container->make('App\\\\Http\\\\Contro...', Array)
#4 C:\\xampp\\htdocs\\xportGold\\xportGoldGitHub3\\PruebaUniversidadLaboratorio1\\vendor\\laravel\\framework\\src\\Illuminate\\Routing\\Route.php(226): Illuminate\\Foundation\\Application->make('App\\\\Http\\\\Contro...')
#5 C:\\xampp\\htdocs\\xportGold\\xportGoldGitHub3\\PruebaUniversidadLaboratorio1\\vendor\\laravel\\framework\\src\\Illuminate\\Routing\\Route.php(796): Illuminate\\Routing\\Route->getController()
#6 C:\\xampp\\htdocs\\xportGold\\xportGoldGitHub3\\PruebaUniversidadLaboratorio1\\vendor\\laravel\\framework\\src\\Illuminate\\Routing\\Route.php(757): Illuminate\\Routing\\Route->controllerMiddleware()
#7 C:\\xampp\\htdocs\\xportGold\\xportGoldGitHub3\\PruebaUniversidadLaboratorio1\\vendor\\laravel\\framework\\src\\Illuminate\\Foundation\\Console\\RouteListCommand.php(151): Illuminate\\Routing\\Route->gatherMiddleware()
#8 C:\\xampp\\htdocs\\xportGold\\xportGoldGitHub3\\PruebaUniversidadLaboratorio1\\vendor\\laravel\\framework\\src\\Illuminate\\Foundation\\Console\\RouteListCommand.php(114): Illuminate\\Foundation\\Console\\RouteListCommand->getMiddleware(Object(Illuminate\\Routing\\Route))
#9 C:\\xampp\\htdocs\\xportGold\\xportGoldGitHub3\\PruebaUniversidadLaboratorio1\\vendor\\laravel\\framework\\src\\Illuminate\\Foundation\\Console\\RouteListCommand.php(86): Illuminate\\Foundation\\Console\\RouteListCommand->getRouteInformation(Object(Illuminate\\Routing\\Route))
#10 [internal function]: Illuminate\\Foundation\\Console\\RouteListCommand->Illuminate\\Foundation\\Console\\{closure}(Object(Illuminate\\Routing\\Route), 24)
#11 C:\\xampp\\htdocs\\xportGold\\xportGoldGitHub3\\PruebaUniversidadLaboratorio1\\vendor\\laravel\\framework\\src\\Illuminate\\Support\\Collection.php(861): array_map(Object(Closure), Array, Array)
#12 C:\\xampp\\htdocs\\xportGold\\xportGoldGitHub3\\PruebaUniversidadLaboratorio1\\vendor\\laravel\\framework\\src\\Illuminate\\Foundation\\Console\\RouteListCommand.php(87): Illuminate\\Support\\Collection->map(Object(Closure))
#13 C:\\xampp\\htdocs\\xportGold\\xportGoldGitHub3\\PruebaUniversidadLaboratorio1\\vendor\\laravel\\framework\\src\\Illuminate\\Foundation\\Console\\RouteListCommand.php(75): Illuminate\\Foundation\\Console\\RouteListCommand->getRoutes()
#14 [internal function]: Illuminate\\Foundation\\Console\\RouteListCommand->handle()
#15 C:\\xampp\\htdocs\\xportGold\\xportGoldGitHub3\\PruebaUniversidadLaboratorio1\\vendor\\laravel\\framework\\src\\Illuminate\\Container\\BoundMethod.php(29): call_user_func_array(Array, Array)
#16 C:\\xampp\\htdocs\\xportGold\\xportGoldGitHub3\\PruebaUniversidadLaboratorio1\\vendor\\laravel\\framework\\src\\Illuminate\\Container\\BoundMethod.php(87): Illuminate\\Container\\BoundMethod::Illuminate\\Container\\{closure}()
#17 C:\\xampp\\htdocs\\xportGold\\xportGoldGitHub3\\PruebaUniversidadLaboratorio1\\vendor\\laravel\\framework\\src\\Illuminate\\Container\\BoundMethod.php(31): Illuminate\\Container\\BoundMethod::callBoundMethod(Object(Illuminate\\Foundation\\Application), Array, Object(Closure))
#18 C:\\xampp\\htdocs\\xportGold\\xportGoldGitHub3\\PruebaUniversidadLaboratorio1\\vendor\\laravel\\framework\\src\\Illuminate\\Container\\Container.php(564): Illuminate\\Container\\BoundMethod::call(Object(Illuminate\\Foundation\\Application), Array, Array, NULL)
#19 C:\\xampp\\htdocs\\xportGold\\xportGoldGitHub3\\PruebaUniversidadLaboratorio1\\vendor\\laravel\\framework\\src\\Illuminate\\Console\\Command.php(183): Illuminate\\Container\\Container->call(Array)
#20 C:\\xampp\\htdocs\\xportGold\\xportGoldGitHub3\\PruebaUniversidadLaboratorio1\\vendor\\symfony\\console\\Command\\Command.php(252): Illuminate\\Console\\Command->execute(Object(Symfony\\Component\\Console\\Input\\ArgvInput), Object(Illuminate\\Console\\OutputStyle))
#21 C:\\xampp\\htdocs\\xportGold\\xportGoldGitHub3\\PruebaUniversidadLaboratorio1\\vendor\\laravel\\framework\\src\\Illuminate\\Console\\Command.php(170): Symfony\\Component\\Console\\Command\\Command->run(Object(Symfony\\Component\\Console\\Input\\ArgvInput), Object(Illuminate\\Console\\OutputStyle))
#22 C:\\xampp\\htdocs\\xportGold\\xportGoldGitHub3\\PruebaUniversidadLaboratorio1\\vendor\\symfony\\console\\Application.php(865): Illuminate\\Console\\Command->run(Object(Symfony\\Component\\Console\\Input\\ArgvInput), Object(Symfony\\Component\\Console\\Output\\ConsoleOutput))
#23 C:\\xampp\\htdocs\\xportGold\\xportGoldGitHub3\\PruebaUniversidadLaboratorio1\\vendor\\symfony\\console\\Application.php(241): Symfony\\Component\\Console\\Application->doRunCommand(Object(Illuminate\\Foundation\\Console\\RouteListCommand), Object(Symfony\\Component\\Console\\Input\\ArgvInput), Object(Symfony\\Component\\Console\\Output\\ConsoleOutput))
#24 C:\\xampp\\htdocs\\xportGold\\xportGoldGitHub3\\PruebaUniversidadLaboratorio1\\vendor\\symfony\\console\\Application.php(143): Symfony\\Component\\Console\\Application->doRun(Object(Symfony\\Component\\Console\\Input\\ArgvInput), Object(Symfony\\Component\\Console\\Output\\ConsoleOutput))
#25 C:\\xampp\\htdocs\\xportGold\\xportGoldGitHub3\\PruebaUniversidadLaboratorio1\\vendor\\laravel\\framework\\src\\Illuminate\\Console\\Application.php(88): Symfony\\Component\\Console\\Application->run(Object(Symfony\\Component\\Console\\Input\\ArgvInput), Object(Symfony\\Component\\Console\\Output\\ConsoleOutput))
#26 C:\\xampp\\htdocs\\xportGold\\xportGoldGitHub3\\PruebaUniversidadLaboratorio1\\vendor\\laravel\\framework\\src\\Illuminate\\Foundation\\Console\\Kernel.php(121): Illuminate\\Console\\Application->run(Object(Symfony\\Component\\Console\\Input\\ArgvInput), Object(Symfony\\Component\\Console\\Output\\ConsoleOutput))
#27 C:\\xampp\\htdocs\\xportGold\\xportGoldGitHub3\\PruebaUniversidadLaboratorio1\\artisan(37): Illuminate\\Foundation\\Console\\Kernel->handle(Object(Symfony\\Component\\Console\\Input\\ArgvInput), Object(Symfony\\Component\\Console\\Output\\ConsoleOutput))
#28 {main}
"} 
[2018-07-31 01:01:26] local.ERROR: Class App\Http\Controllers\News\NewsController does not exist {"exception":"[object] (ReflectionException(code: -1): Class App\\Http\\Controllers\\News\\NewsController does not exist at C:\\xampp\\htdocs\\xportGold\\xportGoldGitHub3\\PruebaUniversidadLaboratorio1\\vendor\\laravel\\framework\\src\\Illuminate\\Container\\Container.php:767)
[stacktrace]
#0 C:\\xampp\\htdocs\\xportGold\\xportGoldGitHub3\\PruebaUniversidadLaboratorio1\\vendor\\laravel\\framework\\src\\Illuminate\\Container\\Container.php(767): ReflectionClass->__construct('App\\\\Http\\\\Contro...')
#1 C:\\xampp\\htdocs\\xportGold\\xportGoldGitHub3\\PruebaUniversidadLaboratorio1\\vendor\\laravel\\framework\\src\\Illuminate\\Container\\Container.php(646): Illuminate\\Container\\Container->build('App\\\\Http\\\\Contro...')
#2 C:\\xampp\\htdocs\\xportGold\\xportGoldGitHub3\\PruebaUniversidadLaboratorio1\\vendor\\laravel\\framework\\src\\Illuminate\\Container\\Container.php(601): Illuminate\\Container\\Container->resolve('App\\\\Http\\\\Contro...', Array)
#3 C:\\xampp\\htdocs\\xportGold\\xportGoldGitHub3\\PruebaUniversidadLaboratorio1\\vendor\\laravel\\framework\\src\\Illuminate\\Foundation\\Application.php(740): Illuminate\\Container\\Container->make('App\\\\Http\\\\Contro...', Array)
#4 C:\\xampp\\htdocs\\xportGold\\xportGoldGitHub3\\PruebaUniversidadLaboratorio1\\vendor\\laravel\\framework\\src\\Illuminate\\Routing\\Route.php(226): Illuminate\\Foundation\\Application->make('App\\\\Http\\\\Contro...')
#5 C:\\xampp\\htdocs\\xportGold\\xportGoldGitHub3\\PruebaUniversidadLaboratorio1\\vendor\\laravel\\framework\\src\\Illuminate\\Routing\\Route.php(796): Illuminate\\Routing\\Route->getController()
#6 C:\\xampp\\htdocs\\xportGold\\xportGoldGitHub3\\PruebaUniversidadLaboratorio1\\vendor\\laravel\\framework\\src\\Illuminate\\Routing\\Route.php(757): Illuminate\\Routing\\Route->controllerMiddleware()
#7 C:\\xampp\\htdocs\\xportGold\\xportGoldGitHub3\\PruebaUniversidadLaboratorio1\\vendor\\laravel\\framework\\src\\Illuminate\\Foundation\\Console\\RouteListCommand.php(151): Illuminate\\Routing\\Route->gatherMiddleware()
#8 C:\\xampp\\htdocs\\xportGold\\xportGoldGitHub3\\PruebaUniversidadLaboratorio1\\vendor\\laravel\\framework\\src\\Illuminate\\Foundation\\Console\\RouteListCommand.php(114): Illuminate\\Foundation\\Console\\RouteListCommand->getMiddleware(Object(Illuminate\\Routing\\Route))
#9 C:\\xampp\\htdocs\\xportGold\\xportGoldGitHub3\\PruebaUniversidadLaboratorio1\\vendor\\laravel\\framework\\src\\Illuminate\\Foundation\\Console\\RouteListCommand.php(86): Illuminate\\Foundation\\Console\\RouteListCommand->getRouteInformation(Object(Illuminate\\Routing\\Route))
#10 [internal function]: Illuminate\\Foundation\\Console\\RouteListCommand->Illuminate\\Foundation\\Console\\{closure}(Object(Illuminate\\Routing\\Route), 24)
#11 C:\\xampp\\htdocs\\xportGold\\xportGoldGitHub3\\PruebaUniversidadLaboratorio1\\vendor\\laravel\\framework\\src\\Illuminate\\Support\\Collection.php(861): array_map(Object(Closure), Array, Array)
#12 C:\\xampp\\htdocs\\xportGold\\xportGoldGitHub3\\PruebaUniversidadLaboratorio1\\vendor\\laravel\\framework\\src\\Illuminate\\Foundation\\Console\\RouteListCommand.php(87): Illuminate\\Support\\Collection->map(Object(Closure))
#13 C:\\xampp\\htdocs\\xportGold\\xportGoldGitHub3\\PruebaUniversidadLaboratorio1\\vendor\\laravel\\framework\\src\\Illuminate\\Foundation\\Console\\RouteListCommand.php(75): Illuminate\\Foundation\\Console\\RouteListCommand->getRoutes()
#14 [internal function]: Illuminate\\Foundation\\Console\\RouteListCommand->handle()
#15 C:\\xampp\\htdocs\\xportGold\\xportGoldGitHub3\\PruebaUniversidadLaboratorio1\\vendor\\laravel\\framework\\src\\Illuminate\\Container\\BoundMethod.php(29): call_user_func_array(Array, Array)
#16 C:\\xampp\\htdocs\\xportGold\\xportGoldGitHub3\\PruebaUniversidadLaboratorio1\\vendor\\laravel\\framework\\src\\Illuminate\\Container\\BoundMethod.php(87): Illuminate\\Container\\BoundMethod::Illuminate\\Container\\{closure}()
#17 C:\\xampp\\htdocs\\xportGold\\xportGoldGitHub3\\PruebaUniversidadLaboratorio1\\vendor\\laravel\\framework\\src\\Illuminate\\Container\\BoundMethod.php(31): Illuminate\\Container\\BoundMethod::callBoundMethod(Object(Illuminate\\Foundation\\Application), Array, Object(Closure))
#18 C:\\xampp\\htdocs\\xportGold\\xportGoldGitHub3\\PruebaUniversidadLaboratorio1\\vendor\\laravel\\framework\\src\\Illuminate\\Container\\Container.php(564): Illuminate\\Container\\BoundMethod::call(Object(Illuminate\\Foundation\\Application), Array, Array, NULL)
#19 C:\\xampp\\htdocs\\xportGold\\xportGoldGitHub3\\PruebaUniversidadLaboratorio1\\vendor\\laravel\\framework\\src\\Illuminate\\Console\\Command.php(183): Illuminate\\Container\\Container->call(Array)
#20 C:\\xampp\\htdocs\\xportGold\\xportGoldGitHub3\\PruebaUniversidadLaboratorio1\\vendor\\symfony\\console\\Command\\Command.php(252): Illuminate\\Console\\Command->execute(Object(Symfony\\Component\\Console\\Input\\ArgvInput), Object(Illuminate\\Console\\OutputStyle))
#21 C:\\xampp\\htdocs\\xportGold\\xportGoldGitHub3\\PruebaUniversidadLaboratorio1\\vendor\\laravel\\framework\\src\\Illuminate\\Console\\Command.php(170): Symfony\\Component\\Console\\Command\\Command->run(Object(Symfony\\Component\\Console\\Input\\ArgvInput), Object(Illuminate\\Console\\OutputStyle))
#22 C:\\xampp\\htdocs\\xportGold\\xportGoldGitHub3\\PruebaUniversidadLaboratorio1\\vendor\\symfony\\console\\Application.php(865): Illuminate\\Console\\Command->run(Object(Symfony\\Component\\Console\\Input\\ArgvInput), Object(Symfony\\Component\\Console\\Output\\ConsoleOutput))
#23 C:\\xampp\\htdocs\\xportGold\\xportGoldGitHub3\\PruebaUniversidadLaboratorio1\\vendor\\symfony\\console\\Application.php(241): Symfony\\Component\\Console\\Application->doRunCommand(Object(Illuminate\\Foundation\\Console\\RouteListCommand), Object(Symfony\\Component\\Console\\Input\\ArgvInput), Object(Symfony\\Component\\Console\\Output\\ConsoleOutput))
#24 C:\\xampp\\htdocs\\xportGold\\xportGoldGitHub3\\PruebaUniversidadLaboratorio1\\vendor\\symfony\\console\\Application.php(143): Symfony\\Component\\Console\\Application->doRun(Object(Symfony\\Component\\Console\\Input\\ArgvInput), Object(Symfony\\Component\\Console\\Output\\ConsoleOutput))
#25 C:\\xampp\\htdocs\\xportGold\\xportGoldGitHub3\\PruebaUniversidadLaboratorio1\\vendor\\laravel\\framework\\src\\Illuminate\\Console\\Application.php(88): Symfony\\Component\\Console\\Application->run(Object(Symfony\\Component\\Console\\Input\\ArgvInput), Object(Symfony\\Component\\Console\\Output\\ConsoleOutput))
#26 C:\\xampp\\htdocs\\xportGold\\xportGoldGitHub3\\PruebaUniversidadLaboratorio1\\vendor\\laravel\\framework\\src\\Illuminate\\Foundation\\Console\\Kernel.php(121): Illuminate\\Console\\Application->run(Object(Symfony\\Component\\Console\\Input\\ArgvInput), Object(Symfony\\Component\\Console\\Output\\ConsoleOutput))
#27 C:\\xampp\\htdocs\\xportGold\\xportGoldGitHub3\\PruebaUniversidadLaboratorio1\\artisan(37): Illuminate\\Foundation\\Console\\Kernel->handle(Object(Symfony\\Component\\Console\\Input\\ArgvInput), Object(Symfony\\Component\\Console\\Output\\ConsoleOutput))
#28 {main}
"} 
